[90m2024-11-18T03:08:09.682Z[39m [32mDEBUG[39m [97m@wdio/browserstack-service[39m Sending SDK event with data {
  userName: '[REDACTED]',
  accessKey: '[REDACTED]',
  event_type: 'SDKTestAttempted',
  detectedFramework: 'WebdriverIO-mocha',
  event_properties: {
    language_framework: 'WebdriverIO_mocha',
    referrer: 'WebdriverIO-mocha/9.2.8',
    language: 'WebdriverIO',
    languageVersion: 'v20.15.1',
    buildName: 'undefined',
    buildIdentifier: 'undefined',
    os: 'Windows_NT',
    hostname: 'LAPTOP-V18NOB5A',
    productMap: {
      observability: true,
      accessibility: false,
      percy: false,
      automate: true,
      app_automate: false
    },
    product: [ 'observability', 'automate' ]
  }
}
[90m2024-11-18T03:08:10.694Z[39m [32mDEBUG[39m [97m@wdio/browserstack-service[39m Funnel Event Response: "{\"message\":\"SDK Event recorded successfully\"}"
[90m2024-11-18T03:08:10.694Z[39m [32mDEBUG[39m [97m@wdio/browserstack-service[39m Funnel event success
[90m2024-11-18T03:08:10.694Z[39m [32mDEBUG[39m [97m@wdio/browserstack-service[39m app is not defined in browserstack-service config, skipping ...
[90m2024-11-18T03:08:10.694Z[39m [32mDEBUG[39m [97m@wdio/browserstack-service[39m Sending launch start event
[90m2024-11-18T03:08:12.190Z[39m [32mDEBUG[39m [97m@wdio/browserstack-service[39m [Start_Build] Success response: {"observability":{"success":true,"options":{"allow_screenshots":true},"code":null,"errors":null,"error_trace_id":null},"accessibility":null,"automate":{"success":true,"options":{"allow_screenshots":true},"code":null,"errors":null,"error_trace_id":null},"build_hashed_id":"bkkcvymvl70udlyji5xwgxrfhevgovrvxkurmhyk","jwt":"eyJhbGciOiJIUzI1NiJ9.eyJpc3MiOiJicm93c2Vyc3RhY2tfb2IiLCJzdWIiOiI5MDk1MDQxIiwiZ3JvdXBfaWQiOjkwMDYxMDYsInVzZXJfaWQiOjkwOTUwNDEsImJ1aWxkX2hhc2hlZF9pZCI6ImJra2N2eW12bDcwdWRseWppNXh3Z3hyZmhldmdvdnJ2eGt1cm1oeWsiLCJob29rX2FzX3Rlc3QiOiIxIiwiYnVpbGRfbmFtZSI6ImF1dG9tYXRpb24tdHJhaW5pbmciLCJwcm9kdWN0X21hcCI6IntcIm9ic2VydmFiaWxpdHlcIjp0cnVlLFwiYXV0b21hdGVcIjp0cnVlLFwicHJvZHVjdEZpbHRlclNvdXJjZVwiOnRydWUsXCJjYWRcIjp0cnVlLFwib3JpZ2luRnJvbVByb2R1Y3RNYXBcIjpcIkF1dG9tYXRlXCIsXCJic3RhY2tBdXRvbWF0aW9uXCI6dHJ1ZX0iLCJncnJfcmVnaW9uIjoiIiwic2lnbmluZ19rZXlfaGFzaCI6IjdkZjZlNjgzYzY3MDkxYjZiY2FiNDk1ZTNmN2YyYWExNjljNzVmMzFmYmFmYTUwZjQ3MDI0YzgxYjllNzA1M2QiLCJpYXQiOjE3MzE4OTkyOTcsImV4cCI6MTczMjI0NDg5N30.t5-ShPt9i9j6vVOn6-X7gCl7wYD0O5nf7Wmr4rBpOq0","app_automate":null}
[90m2024-11-18T03:08:12.191Z[39m [96mINFO[39m [97m@wdio/browserstack-service[39m browserstackLocal is not enabled - skipping...
[90m2024-11-18T03:08:22.481Z[39m [32mDEBUG[39m [97m@wdio/browserstack-service[39m Requesting Browserstack session URL at https://api.browserstack.com/automate/sessions/b995d73af0d9ac209c42ff6e351f10f77308b092.json
[90m2024-11-18T03:08:23.770Z[39m [96mINFO[39m [97m@wdio/browserstack-service[39m chrome 130.0.6723.59 session: https://automate.browserstack.com/builds/84c1fedd41f32cce80ba77d08b168dbbbabaff78/sessions/b995d73af0d9ac209c42ff6e351f10f77308b092
[90m2024-11-18T03:08:23.780Z[39m [96mINFO[39m [97m@wdio/browserstack-service[39m Update job with sessionId b995d73af0d9ac209c42ff6e351f10f77308b092
[90m2024-11-18T03:08:23.780Z[39m [32mDEBUG[39m [97m@wdio/browserstack-service[39m Updating Browserstack session at https://api.browserstack.com/automate/sessions/b995d73af0d9ac209c42ff6e351f10f77308b092.json with request body: 
[90m2024-11-18T03:08:24.266Z[39m [96mINFO[39m [97m@wdio/browserstack-service[39m Update job with sessionId b995d73af0d9ac209c42ff6e351f10f77308b092
[90m2024-11-18T03:08:24.267Z[39m [32mDEBUG[39m [97m@wdio/browserstack-service[39m Updating Browserstack session at https://api.browserstack.com/automate/sessions/b995d73af0d9ac209c42ff6e351f10f77308b092.json with request body: 
[90m2024-11-18T03:08:24.944Z[39m [32mDEBUG[39m [97m@wdio/browserstack-service[39m Added data to request queue. Queue length = 1
[90m2024-11-18T03:08:25.339Z[39m [32mDEBUG[39m [97m@wdio/browserstack-service[39m Added data to request queue. Queue length = 2
[90m2024-11-18T03:08:25.718Z[39m [32mDEBUG[39m [97m@wdio/browserstack-service[39m Added data to request queue. Queue length = 3
[90m2024-11-18T03:08:26.955Z[39m [32mDEBUG[39m [97m@wdio/browserstack-service[39m Sending data from request queue. Data length = 3, Queue length after removal = 0
[90m2024-11-18T03:08:26.955Z[39m [32mDEBUG[39m [97m@wdio/browserstack-service[39m calling callback with kind INTERVAL_QUEUE
[90m2024-11-18T03:08:26.956Z[39m [32mDEBUG[39m [97m@wdio/browserstack-service[39m callback: called with events 3
[90m2024-11-18T03:08:28.087Z[39m [32mDEBUG[39m [97m@wdio/browserstack-service[39m [BATCH_DATA] Success response: {"success":true}
[90m2024-11-18T03:08:28.087Z[39m [32mDEBUG[39m [97m@wdio/browserstack-service[39m callback: marking events success 3
[90m2024-11-18T03:08:35.378Z[39m [32mDEBUG[39m [97m@wdio/browserstack-service[39m Accessibility after test hook. Before sending test stop event
[90m2024-11-18T03:08:35.392Z[39m [32mDEBUG[39m [97m@wdio/browserstack-service[39m Added data to request queue. Queue length = 1
[90m2024-11-18T03:08:35.404Z[39m [96mINFO[39m [97m@wdio/browserstack-service[39m Update job with sessionId b995d73af0d9ac209c42ff6e351f10f77308b092
[90m2024-11-18T03:08:35.405Z[39m [32mDEBUG[39m [97m@wdio/browserstack-service[39m Updating Browserstack session at https://api.browserstack.com/automate/sessions/b995d73af0d9ac209c42ff6e351f10f77308b092.json with request body: 
[90m2024-11-18T03:08:35.840Z[39m [32mDEBUG[39m [97m@wdio/browserstack-service[39m teardown started
[90m2024-11-18T03:08:35.841Z[39m [32mDEBUG[39m [97m@wdio/browserstack-service[39m shutdown started
[90m2024-11-18T03:08:35.841Z[39m [32mDEBUG[39m [97m@wdio/browserstack-service[39m Shutting down request queue
[90m2024-11-18T03:08:35.841Z[39m [32mDEBUG[39m [97m@wdio/browserstack-service[39m calling callback with kind SHUTDOWN_QUEUE
[90m2024-11-18T03:08:35.841Z[39m [32mDEBUG[39m [97m@wdio/browserstack-service[39m callback: called with events 1
[90m2024-11-18T03:08:36.693Z[39m [32mDEBUG[39m [97m@wdio/browserstack-service[39m [BATCH_DATA] Success response: {"success":true}
[90m2024-11-18T03:08:36.693Z[39m [32mDEBUG[39m [97m@wdio/browserstack-service[39m callback: marking events success 1
[90m2024-11-18T03:08:36.693Z[39m [32mDEBUG[39m [97m@wdio/browserstack-service[39m shutdown ended
[90m2024-11-18T03:08:36.693Z[39m [32mDEBUG[39m [97m@wdio/browserstack-service[39m teardown ended
[90m2024-11-18T03:08:43.556Z[39m [32mDEBUG[39m [97m@wdio/browserstack-service[39m Added data to request queue. Queue length = 1
[90m2024-11-18T03:08:43.556Z[39m [32mDEBUG[39m [97m@wdio/browserstack-service[39m Force request-queue shutdown, as test run event is received after teardown
[90m2024-11-18T03:08:43.556Z[39m [32mDEBUG[39m [97m@wdio/browserstack-service[39m Sending data from request queue. Data length = 1, Queue length after removal = 0
[90m2024-11-18T03:08:43.556Z[39m [32mDEBUG[39m [97m@wdio/browserstack-service[39m calling callback with kind INTERVAL_QUEUE
[90m2024-11-18T03:08:43.556Z[39m [32mDEBUG[39m [97m@wdio/browserstack-service[39m callback: called with events 1
[90m2024-11-18T03:08:43.572Z[39m [32mDEBUG[39m [97m@wdio/browserstack-service[39m Added data to request queue. Queue length = 1
[90m2024-11-18T03:08:43.572Z[39m [32mDEBUG[39m [97m@wdio/browserstack-service[39m Force request-queue shutdown, as test run event is received after teardown
[90m2024-11-18T03:08:43.572Z[39m [32mDEBUG[39m [97m@wdio/browserstack-service[39m Sending data from request queue. Data length = 1, Queue length after removal = 0
[90m2024-11-18T03:08:43.572Z[39m [32mDEBUG[39m [97m@wdio/browserstack-service[39m calling callback with kind INTERVAL_QUEUE
[90m2024-11-18T03:08:43.572Z[39m [32mDEBUG[39m [97m@wdio/browserstack-service[39m callback: called with events 1
[90m2024-11-18T03:08:44.827Z[39m [32mDEBUG[39m [97m@wdio/browserstack-service[39m [BATCH_DATA] Success response: {"success":true}
[90m2024-11-18T03:08:44.827Z[39m [32mDEBUG[39m [97m@wdio/browserstack-service[39m callback: marking events success 1
[90m2024-11-18T03:08:44.985Z[39m [32mDEBUG[39m [97m@wdio/browserstack-service[39m [BATCH_DATA] Success response: {"success":true}
[90m2024-11-18T03:08:44.985Z[39m [32mDEBUG[39m [97m@wdio/browserstack-service[39m callback: marking events success 1
[90m2024-11-18T03:08:44.998Z[39m [32mDEBUG[39m [97m@wdio/browserstack-service[39m Added data to request queue. Queue length = 1
[90m2024-11-18T03:08:44.998Z[39m [32mDEBUG[39m [97m@wdio/browserstack-service[39m Force request-queue shutdown, as test run event is received after teardown
[90m2024-11-18T03:08:44.998Z[39m [32mDEBUG[39m [97m@wdio/browserstack-service[39m Sending data from request queue. Data length = 1, Queue length after removal = 0
[90m2024-11-18T03:08:44.998Z[39m [32mDEBUG[39m [97m@wdio/browserstack-service[39m calling callback with kind INTERVAL_QUEUE
[90m2024-11-18T03:08:44.998Z[39m [32mDEBUG[39m [97m@wdio/browserstack-service[39m callback: called with events 1
[90m2024-11-18T03:08:45.270Z[39m [32mDEBUG[39m [97m@wdio/browserstack-service[39m Inside OnComplete hook..
[90m2024-11-18T03:08:45.271Z[39m [32mDEBUG[39m [97m@wdio/browserstack-service[39m Sending stop launch event
[90m2024-11-18T03:08:46.507Z[39m [32mDEBUG[39m [97m@wdio/browserstack-service[39m [STOP_BUILD] Success response: 
[90m2024-11-18T03:08:46.528Z[39m [32mDEBUG[39m [97m@wdio/browserstack-service[39m Reading worker file worker-data-21064.json
[90m2024-11-18T03:08:46.562Z[39m [32mDEBUG[39m [97m@wdio/browserstack-service[39m Sending SDK event with data {
  userName: '[REDACTED]',
  accessKey: '[REDACTED]',
  event_type: 'SDKTestSuccessful',
  detectedFramework: 'WebdriverIO-mocha',
  event_properties: {
    language_framework: 'WebdriverIO_mocha',
    referrer: 'WebdriverIO-mocha/9.2.8',
    language: 'WebdriverIO',
    languageVersion: 'v20.15.1',
    buildName: 'undefined',
    buildIdentifier: 'undefined',
    os: 'Windows_NT',
    hostname: 'LAPTOP-V18NOB5A',
    productMap: {
      observability: true,
      accessibility: false,
      percy: false,
      automate: true,
      app_automate: false
    },
    product: [ 'observability', 'automate' ],
    productUsage: {
      testObservability: {
        enabled: true,
        manuallySet: false,
        buildHashedId: 'bkkcvymvl70udlyji5xwgxrfhevgovrvxkurmhyk',
        events: {
          buildEvents: {
            started: { isTriggered: true, status: 'success', error: undefined },
            finished: { isTriggered: true, status: 'success', error: undefined }
          },
          testEvents: {
            started: { triggeredCount: 1, sentCount: 1, failedCount: 0 },
            finished: { triggeredCount: 1, sentCount: 1, failedCount: 0 },
            failed: { triggeredCount: 1, sentCount: 1, failedCount: 0 }
          },
          hookEvents: {
            started: { triggeredCount: 0, sentCount: 0, failedCount: 0 },
            finished: { triggeredCount: 0, sentCount: 0, failedCount: 0 }
          },
          logEvents: {
            triggeredCount: 2,
            sentCount: 2,
            failedCount: 0,
            http: { triggeredCount: 2, sentCount: 2, failedCount: 0 }
          },
          cbtSessionEvents: { triggeredCount: 0, sentCount: 0, failedCount: 0 }
        }
      }
    }
  }
}
[90m2024-11-18T03:08:46.951Z[39m [32mDEBUG[39m [97m@wdio/browserstack-service[39m Funnel Event Response: "{\"message\":\"SDK Event recorded successfully\"}"
[90m2024-11-18T03:08:46.952Z[39m [32mDEBUG[39m [97m@wdio/browserstack-service[39m Funnel event success
[90m2024-11-18T03:08:46.990Z[39m [32mDEBUG[39m [97m@wdio/browserstack-service[39m Error in firing request https://upload-observability.browserstack.com/client-logs/upload: TypeError: fetch failed
    at node:internal/deps/undici/undici:12502:13
    at process.processTicksAndRejections (node:internal/process/task_queues:95:5)
    at async nodeRequest (file:///C:/Users/Admin/Documents/automation-training/node_modules/@wdio/browserstack-service/build/index.js:925:22)
    at async uploadLogs (file:///C:/Users/Admin/Documents/automation-training/node_modules/@wdio/browserstack-service/build/index.js:1783:20)
    at async BrowserstackLauncherService._uploadServiceLogs (file:///C:/Users/Admin/Documents/automation-training/node_modules/@wdio/browserstack-service/build/index.js:3289:22)
    at async BrowserstackLauncherService.onComplete (file:///C:/Users/Admin/Documents/automation-training/node_modules/@wdio/browserstack-service/build/index.js:3162:7)
    at async file:///C:/Users/Admin/Documents/automation-training/node_modules/@wdio/cli/build/index.js:1207:9
    at async Promise.all (index 0)
    at async Launcher.run (file:///C:/Users/Admin/Documents/automation-training/node_modules/@wdio/cli/build/index.js:2285:7)
    at async Module.run (file:///C:/Users/Admin/Documents/automation-training/node_modules/@wdio/cli/build/index.js:3302:16) {
  [cause]: InvalidArgumentError: invalid content-length header
      at processHeader (node:internal/deps/undici/undici:6447:17)
      at new Request (node:internal/deps/undici/undici:6285:15)
      at [dispatch] (node:internal/deps/undici/undici:9077:25)
      at Intercept (node:internal/deps/undici/undici:8812:20)
      at [Intercepted Dispatch] (node:internal/deps/undici/undici:5673:16)
      at Client.dispatch (node:internal/deps/undici/undici:5689:44)
      at [dispatch] (node:internal/deps/undici/undici:5920:32)
      at [Intercepted Dispatch] (node:internal/deps/undici/undici:5666:33)
      at Pool.dispatch (node:internal/deps/undici/undici:5689:44)
      at [dispatch] (node:internal/deps/undici/undici:9499:27) {
    code: 'UND_ERR_INVALID_ARG'
  }
}
[90m2024-11-18T03:08:46.990Z[39m [32mDEBUG[39m [97m@wdio/browserstack-service[39m Failed to fire api request due to TypeError: fetch failed - TypeError: fetch failed
    at node:internal/deps/undici/undici:12502:13
    at process.processTicksAndRejections (node:internal/process/task_queues:95:5)
    at async nodeRequest (file:///C:/Users/Admin/Documents/automation-training/node_modules/@wdio/browserstack-service/build/index.js:925:22)
    at async uploadLogs (file:///C:/Users/Admin/Documents/automation-training/node_modules/@wdio/browserstack-service/build/index.js:1783:20)
    at async BrowserstackLauncherService._uploadServiceLogs (file:///C:/Users/Admin/Documents/automation-training/node_modules/@wdio/browserstack-service/build/index.js:3289:22)
    at async BrowserstackLauncherService.onComplete (file:///C:/Users/Admin/Documents/automation-training/node_modules/@wdio/browserstack-service/build/index.js:3162:7)
    at async file:///C:/Users/Admin/Documents/automation-training/node_modules/@wdio/cli/build/index.js:1207:9
    at async Promise.all (index 0)
    at async Launcher.run (file:///C:/Users/Admin/Documents/automation-training/node_modules/@wdio/cli/build/index.js:2285:7)
    at async Module.run (file:///C:/Users/Admin/Documents/automation-training/node_modules/@wdio/cli/build/index.js:3302:16)
[90m2024-11-18T03:08:46.990Z[39m [32mDEBUG[39m [97m@wdio/browserstack-service[39m Response - undefined
